  Source.cpp
C:\Users\mdahl\JOBB\11VisualStudio\mdhl_lib\mdhl_Tools.h(71,9): warning C4551: function call missing argument list
C:\Users\mdahl\JOBB\11VisualStudio\mdhl_lib\mdhl_MP_Items.h(4,10): warning C4067: unexpected tokens following preprocessor directive - expected a newline
C:\Users\mdahl\JOBB\11VisualStudio\mdhl_lib\mdhl_MP_Items.h(5,10): warning C4067: unexpected tokens following preprocessor directive - expected a newline
C:\Users\mdahl\JOBB\11VisualStudio\mdhl_lib\mdhl_MP_Items.h(6,10): warning C4067: unexpected tokens following preprocessor directive - expected a newline
C:\Users\mdahl\JOBB\11VisualStudio\mdhl_lib\mdhl_Mp_v3.h(32,44): warning C4267: '=': conversion from 'size_t' to 'int', possible loss of data
C:\Users\mdahl\JOBB\11VisualStudio\mdhl_lib\mdhl_Mp_v3.h(36,44): warning C4267: '=': conversion from 'size_t' to 'int', possible loss of data
C:\Users\mdahl\JOBB\11VisualStudio\mdhl_lib\mdhl_Mp_v3.h(41,44): warning C4267: '=': conversion from 'size_t' to 'int', possible loss of data
C:\Users\mdahl\JOBB\11VisualStudio\mdhl_lib\mdhl_Mp_v3.h(52,44): warning C4267: '=': conversion from 'size_t' to 'int', possible loss of data
C:\Users\mdahl\JOBB\11VisualStudio\mdhl_lib\mdhl_Mp_v3.h(56,44): warning C4267: '=': conversion from 'size_t' to 'int', possible loss of data
C:\Users\mdahl\JOBB\11VisualStudio\mdhl_lib\mdhl_Mp_v3.h(61,44): warning C4267: '=': conversion from 'size_t' to 'int', possible loss of data
C:\Users\mdahl\JOBB\11VisualStudio\mdhl_lib\mdhl_Mp_v3.h(71,44): warning C4267: '=': conversion from 'size_t' to 'int', possible loss of data
C:\Users\mdahl\JOBB\11VisualStudio\mdhl_lib\mdhl_Mp_v3.h(75,44): warning C4267: '=': conversion from 'size_t' to 'int', possible loss of data
C:\Users\mdahl\JOBB\11VisualStudio\mdhl_lib\mdhl_Mp_v3.h(80,44): warning C4267: '=': conversion from 'size_t' to 'int', possible loss of data
C:\Users\mdahl\JOBB\11VisualStudio\mdhl_lib\mdhl_Mp_v3.h(90,44): warning C4267: '=': conversion from 'size_t' to 'int', possible loss of data
C:\Users\mdahl\JOBB\11VisualStudio\mdhl_lib\mdhl_Mp_v3.h(94,44): warning C4267: '=': conversion from 'size_t' to 'int', possible loss of data
C:\Users\mdahl\JOBB\11VisualStudio\mdhl_lib\mdhl_Mp_v3.h(99,44): warning C4267: '=': conversion from 'size_t' to 'int', possible loss of data
C:\Users\mdahl\JOBB\11VisualStudio\mdhl_lib\mdhl_Mp_v3.h(109,44): warning C4267: '=': conversion from 'size_t' to 'int', possible loss of data
C:\Users\mdahl\JOBB\11VisualStudio\mdhl_lib\mdhl_Mp_v3.h(114,44): warning C4267: '=': conversion from 'size_t' to 'int', possible loss of data
C:\Users\mdahl\JOBB\11VisualStudio\mdhl_lib\mdhl_Mp_v3.h(124,44): warning C4267: '=': conversion from 'size_t' to 'int', possible loss of data
C:\Users\mdahl\JOBB\11VisualStudio\mdhl_lib\mdhl_Mp_v3.h(129,44): warning C4267: '=': conversion from 'size_t' to 'int', possible loss of data
C:\Users\mdahl\JOBB\11VisualStudio\mdhl_lib\mdhl_Mp_v3.h(139,44): warning C4267: '=': conversion from 'size_t' to 'int', possible loss of data
C:\Users\mdahl\JOBB\11VisualStudio\mdhl_lib\mdhl_Mp_v3.h(144,44): warning C4267: '=': conversion from 'size_t' to 'int', possible loss of data
C:\Users\mdahl\JOBB\11VisualStudio\VS_c++\VAV_Adressering_4\VAV_Adressering_4\Source.cpp(99,41): warning C4267: '=': conversion from 'size_t' to 'int', possible loss of data
C:\Users\mdahl\JOBB\11VisualStudio\VS_c++\VAV_Adressering_4\VAV_Adressering_4\Source.cpp(109,47): warning C4267: '=': conversion from 'size_t' to 'int', possible loss of data
C:\Users\mdahl\JOBB\11VisualStudio\VS_c++\VAV_Adressering_4\VAV_Adressering_4\Source.cpp(115,47): warning C4267: '=': conversion from 'size_t' to 'int', possible loss of data
C:\Users\mdahl\JOBB\11VisualStudio\VS_c++\VAV_Adressering_4\VAV_Adressering_4\Source.cpp(133,53): warning C4267: '=': conversion from 'size_t' to 'int', possible loss of data
C:\Users\mdahl\JOBB\11VisualStudio\VS_c++\VAV_Adressering_4\VAV_Adressering_4\Source.cpp(146,59): warning C4267: '=': conversion from 'size_t' to 'int', possible loss of data
C:\Users\mdahl\JOBB\11VisualStudio\VS_c++\VAV_Adressering_4\VAV_Adressering_4\Source.cpp(179,53): warning C4267: '=': conversion from 'size_t' to 'int', possible loss of data
C:\Users\mdahl\JOBB\11VisualStudio\VS_c++\VAV_Adressering_4\VAV_Adressering_4\Source.cpp(193,59): warning C4267: '=': conversion from 'size_t' to 'int', possible loss of data
C:\Users\mdahl\JOBB\11VisualStudio\VS_c++\VAV_Adressering_4\VAV_Adressering_4\Source.cpp(204,59): warning C4267: '=': conversion from 'size_t' to 'int', possible loss of data
C:\Users\mdahl\JOBB\11VisualStudio\VS_c++\VAV_Adressering_4\VAV_Adressering_4\Source.cpp(215,59): warning C4267: '=': conversion from 'size_t' to 'int', possible loss of data
C:\Users\mdahl\JOBB\11VisualStudio\VS_c++\VAV_Adressering_4\VAV_Adressering_4\Source.cpp(222,57): warning C4267: '=': conversion from 'size_t' to 'int', possible loss of data
C:\Users\mdahl\JOBB\11VisualStudio\VS_c++\VAV_Adressering_4\VAV_Adressering_4\Source.cpp(230,57): warning C4267: '=': conversion from 'size_t' to 'int', possible loss of data
C:\Users\mdahl\JOBB\11VisualStudio\VS_c++\VAV_Adressering_4\VAV_Adressering_4\Source.cpp(238,57): warning C4267: '=': conversion from 'size_t' to 'int', possible loss of data
C:\Users\mdahl\JOBB\11VisualStudio\VS_c++\VAV_Adressering_4\VAV_Adressering_4\Source.cpp(246,57): warning C4267: '=': conversion from 'size_t' to 'int', possible loss of data
C:\Program Files (x86)\Microsoft Visual Studio\2019\Community\VC\Tools\MSVC\14.29.30133\include\xstring(2575,23): warning C4244: 'argument': conversion from 'wchar_t' to 'const _Elem', possible loss of data
          with
          [
              _Elem=char
          ]
C:\Program Files (x86)\Microsoft Visual Studio\2019\Community\VC\Tools\MSVC\14.29.30133\include\xstring(2586): message : see reference to function template instantiation 'void std::basic_string<char,std::char_traits<char>,std::allocator<char>>::_Construct<wchar_t*>(_Iter,const _Iter,std::input_iterator_tag)' being compiled
          with
          [
              _Iter=wchar_t *
          ]
C:\Program Files (x86)\Microsoft Visual Studio\2019\Community\VC\Tools\MSVC\14.29.30133\include\xstring(2586): message : see reference to function template instantiation 'void std::basic_string<char,std::char_traits<char>,std::allocator<char>>::_Construct<wchar_t*>(_Iter,const _Iter,std::input_iterator_tag)' being compiled
          with
          [
              _Iter=wchar_t *
          ]
C:\Program Files (x86)\Microsoft Visual Studio\2019\Community\VC\Tools\MSVC\14.29.30133\include\xstring(2566): message : see reference to function template instantiation 'void std::basic_string<char,std::char_traits<char>,std::allocator<char>>::_Construct<wchar_t*>(const _Iter,const _Iter,std::forward_iterator_tag)' being compiled
          with
          [
              _Iter=wchar_t *
          ]
C:\Program Files (x86)\Microsoft Visual Studio\2019\Community\VC\Tools\MSVC\14.29.30133\include\xstring(2566): message : see reference to function template instantiation 'void std::basic_string<char,std::char_traits<char>,std::allocator<char>>::_Construct<wchar_t*>(const _Iter,const _Iter,std::forward_iterator_tag)' being compiled
          with
          [
              _Iter=wchar_t *
          ]
C:\Users\mdahl\JOBB\11VisualStudio\mdhl_lib\mdhl_Mp_v3.h(176): message : see reference to function template instantiation 'std::basic_string<char,std::char_traits<char>,std::allocator<char>>::basic_string<std::_String_iterator<std::_String_val<std::_Simple_types<_Elem>>>,0>(_Iter,_Iter,const _Alloc &)' being compiled
          with
          [
              _Elem=wchar_t,
              _Iter=std::_String_iterator<std::_String_val<std::_Simple_types<wchar_t>>>,
              _Alloc=std::allocator<char>
          ]
C:\Users\mdahl\JOBB\11VisualStudio\mdhl_lib\mdhl_Mp_v3.h(176): message : see reference to function template instantiation 'std::basic_string<char,std::char_traits<char>,std::allocator<char>>::basic_string<std::_String_iterator<std::_String_val<std::_Simple_types<_Elem>>>,0>(_Iter,_Iter,const _Alloc &)' being compiled
          with
          [
              _Elem=wchar_t,
              _Iter=std::_String_iterator<std::_String_val<std::_Simple_types<wchar_t>>>,
              _Alloc=std::allocator<char>
          ]
  VAV_Adressering_4.vcxproj -> C:\Users\mdahl\JOBB\11VisualStudio\VS_c++\VAV_Adressering_4\x64\Debug\VAV_Adressering_4.exe
